<?xml version="1.0" encoding="UTF-8"?>
<!-- Generated by org.testng.reporters.JUnitReportReporter -->
<testsuite hostname="DESKTOP-AJ91M6S" failures="0" tests="1" name="usePOMscripts.login_pom" time="20.042" errors="0" timestamp="2022-11-25T03:35:08 GMT-08:00" skipped="0">
  <testcase classname="usePOMscripts.login_pom" name="log" time="20.042"/>
  <system-out/>
</testsuite> <!-- usePOMscripts.login_pom -->
