<?xml version="1.0" encoding="UTF-8"?>
<!-- Generated by org.testng.reporters.JUnitReportReporter -->
<testsuite hostname="DESKTOP-AJ91M6S" failures="0" tests="1" name="usePOMscripts.practiceTC1" time="32.269" errors="0" timestamp="2022-11-26T02:57:06 GMT-08:00" skipped="0">
  <testcase classname="usePOMscripts.practiceTC1" name="run" time="32.269"/>
  <system-out/>
</testsuite> <!-- usePOMscripts.practiceTC1 -->
